2016-08-29 a4:3d:78:4c:86:55 10:09:04 18:09:04
2016-08-29 d4:ae:52:75:c8:e6 00:00:04 23:57:03
2016-08-29 24:6e:96:0c:8e:3c 00:00:04 23:57:03
2016-08-29 f4:5c:89:93:8d:3b 10:39:04 10:39:04
2016-08-29 a8:66:7f:8d:35:f2 10:48:04 16:00:04
2016-08-29 28:f3:66:24:8f:13 09:36:04 18:06:04
2016-08-29 64:cc:2e:4f:ac:a3 09:45:04 18:42:04
2016-08-29 08:00:27:6f:01:24 00:00:04 23:57:03
2016-08-29 20:82:c0:80:1c:2f 19:24:04 21:06:04
2016-08-29 a4:ba:db:4d:19:43 00:00:04 23:57:03
2016-08-29 9c:fc:01:6b:ac:8a 10:12:04 18:51:04
2016-08-29 cc:29:f5:8a:88:68 09:36:04 21:03:04
2016-08-29 88:6a:b1:4a:1d:f8 10:33:03 14:54:04
2016-08-29 a4:d1:8c:e6:82:b2 10:06:04 18:42:04
2016-08-29 28:f0:76:37:bf:f8 09:18:03 20:57:04
2016-08-29 60:12:8b:86:aa:14 00:00:04 23:57:03
2016-08-29 70:14:a6:72:e0:64 10:06:04 18:42:04
2016-08-29 f4:5c:89:93:b3:23 10:48:04 16:06:04
2016-08-29 60:f8:1d:17:fe:1c 10:00:04 21:09:04
2016-08-29 bc:46:99:e2:84:83 00:00:04 23:57:03
2016-08-29 80:e6:50:00:ec:26 09:18:03 20:30:04
2016-08-29 a4:d1:8c:e5:2b:a0 10:06:04 18:27:04
2016-08-29 cc:a2:23:cd:2c:95 10:06:04 18:42:04
2016-08-29 a4:d1:8c:e5:22:16 10:06:04 18:42:04
2016-08-29 a4:d1:8c:e5:35:c4 09:42:04 18:39:04
2016-08-29 80:e6:50:00:6a:46 16:54:04 16:54:04
2016-08-29 f4:5c:89:c4:5a:6f 15:36:04 21:09:04
2016-08-29 18:fb:7b:a4:99:71 00:00:04 23:57:03
2016-08-29 e4:d5:3d:39:35:b0 09:45:04 18:51:04
2016-08-29 1c:5c:f2:69:f9:6f 09:15:03 21:09:04
2016-08-29 24:24:0e:d5:df:3f 10:21:04 15:57:04
2016-08-29 84:a1:34:51:25:fe 20:00:04 21:03:04
2016-08-29 98:e0:d9:9d:6b:71 10:21:04 23:48:03
2016-08-29 b4:ae:2b:eb:44:28 16:36:04 21:06:04
2016-08-29 7c:c7:09:53:31:b1 00:00:04 23:57:03
